Using pre-set license
Built from '2021.3/staging' branch; Version is '2021.3.8f1 (b30333d56e81) revision 11731763'; Using compiler version '192829333'; Build Type 'Release'
OS: 'Windows 10  (10.0.19043) 64bit Core' Language: 'en' Physical Memory: 15789 MB
BatchMode: 1, IsHumanControllingUs: 0, StartBugReporterOnCrash: 0, Is64bit: 1, IsPro: 1

COMMAND LINE ARGUMENTS:
C:\Program Files\Unity Editor\2021.3.8f1\Editor\Unity.exe
-adb2
-batchMode
-noUpm
-name
AssetImportWorker0
-projectPath
C:/Users/Von Hapsburg/OneDrive/Desktop/GameProjects/Debug Console
-logFile
Logs/AssetImportWorker0.log
-srvPort
59880
Successfully changed project path to: C:/Users/Von Hapsburg/OneDrive/Desktop/GameProjects/Debug Console
C:/Users/Von Hapsburg/OneDrive/Desktop/GameProjects/Debug Console
[UnityMemory] Configuration Parameters - Can be set up in boot.config
    "memorysetup-bucket-allocator-granularity=16"
    "memorysetup-bucket-allocator-bucket-count=8"
    "memorysetup-bucket-allocator-block-size=33554432"
    "memorysetup-bucket-allocator-block-count=8"
    "memorysetup-main-allocator-block-size=16777216"
    "memorysetup-thread-allocator-block-size=16777216"
    "memorysetup-gfx-main-allocator-block-size=16777216"
    "memorysetup-gfx-thread-allocator-block-size=16777216"
    "memorysetup-cache-allocator-block-size=4194304"
    "memorysetup-typetree-allocator-block-size=2097152"
    "memorysetup-profiler-bucket-allocator-granularity=16"
    "memorysetup-profiler-bucket-allocator-bucket-count=8"
    "memorysetup-profiler-bucket-allocator-block-size=33554432"
    "memorysetup-profiler-bucket-allocator-block-count=8"
    "memorysetup-profiler-allocator-block-size=16777216"
    "memorysetup-profiler-editor-allocator-block-size=1048576"
    "memorysetup-temp-allocator-size-main=16777216"
    "memorysetup-job-temp-allocator-block-size=2097152"
    "memorysetup-job-temp-allocator-block-size-background=1048576"
    "memorysetup-job-temp-allocator-reduction-small-platforms=262144"
    "memorysetup-temp-allocator-size-background-worker=32768"
    "memorysetup-temp-allocator-size-job-worker=262144"
    "memorysetup-temp-allocator-size-preload-manager=33554432"
    "memorysetup-temp-allocator-size-nav-mesh-worker=65536"
    "memorysetup-temp-allocator-size-audio-worker=65536"
    "memorysetup-temp-allocator-size-cloud-worker=32768"
    "memorysetup-temp-allocator-size-gi-baking-worker=262144"
    "memorysetup-temp-allocator-size-gfx=262144"
Refreshing native plugins compatible for Editor in 85.25 ms, found 3 plugins.
Preloading 0 native plugins for Editor in 0.00 ms.
Initialize engine version: 2021.3.8f1 (b30333d56e81)
[Subsystems] Discovering subsystems at path C:/Program Files/Unity Editor/2021.3.8f1/Editor/Data/Resources/UnitySubsystems
[Subsystems] Discovering subsystems at path C:/Users/Von Hapsburg/OneDrive/Desktop/GameProjects/Debug Console/Assets
GfxDevice: creating device client; threaded=0; jobified=0
Direct3D:
    Version:  Direct3D 11.0 [level 11.1]
    Renderer: NVIDIA GeForce RTX 2060 with Max-Q Design (ID=0x1f12)
    Vendor:   NVIDIA
    VRAM:     5980 MB
    Driver:   30.0.15.1278
Initialize mono
Mono path[0] = 'C:/Program Files/Unity Editor/2021.3.8f1/Editor/Data/Managed'
Mono path[1] = 'C:/Program Files/Unity Editor/2021.3.8f1/Editor/Data/MonoBleedingEdge/lib/mono/unityjit-win32'
Mono config path = 'C:/Program Files/Unity Editor/2021.3.8f1/Editor/Data/MonoBleedingEdge/etc'
Using monoOptions --debugger-agent=transport=dt_socket,embedding=1,server=y,suspend=n,address=127.0.0.1:56620
Begin MonoManager ReloadAssembly
Registering precompiled unity dll's ...
Register platform support module: C:/Program Files/Unity Editor/2021.3.8f1/Editor/Data/PlaybackEngines/WindowsStandaloneSupport/UnityEditor.WindowsStandalone.Extensions.dll
Registered in 0.005331 seconds.
Native extension for WindowsStandalone target not found
Refreshing native plugins compatible for Editor in 86.74 ms, found 3 plugins.
Preloading 0 native plugins for Editor in 0.00 ms.
Mono: successfully reloaded assembly
- Completed reload, in  0.640 seconds
Domain Reload Profiling:
	ReloadAssembly (641ms)
		BeginReloadAssembly (77ms)
			ExecutionOrderSort (0ms)
			DisableScriptedObjects (0ms)
			BackupInstance (0ms)
			ReleaseScriptingObjects (0ms)
			CreateAndSetChildDomain (1ms)
		EndReloadAssembly (457ms)
			LoadAssemblies (75ms)
			RebuildTransferFunctionScriptingTraits (0ms)
			SetupTypeCache (99ms)
			ReleaseScriptCaches (0ms)
			RebuildScriptCaches (32ms)
			SetupLoadedEditorAssemblies (276ms)
				LogAssemblyErrors (0ms)
				InitializePlatformSupportModulesInManaged (8ms)
				SetLoadedEditorAssemblies (0ms)
				RefreshPlugins (87ms)
				BeforeProcessingInitializeOnLoad (1ms)
				ProcessInitializeOnLoadAttributes (138ms)
				ProcessInitializeOnLoadMethodAttributes (41ms)
				AfterProcessingInitializeOnLoad (0ms)
				EditorAssembliesLoaded (0ms)
			ExecutionOrderSort2 (0ms)
			AwakeInstancesAfterBackupRestoration (0ms)
Platform modules already initialized, skipping
Registering precompiled user dll's ...
Registered in 0.006963 seconds.
Begin MonoManager ReloadAssembly
Native extension for WindowsStandalone target not found
Refreshing native plugins compatible for Editor in 0.57 ms, found 3 plugins.
Preloading 0 native plugins for Editor in 0.00 ms.
Mono: successfully reloaded assembly
- Completed reload, in  0.995 seconds
Domain Reload Profiling:
	ReloadAssembly (996ms)
		BeginReloadAssembly (108ms)
			ExecutionOrderSort (0ms)
			DisableScriptedObjects (5ms)
			BackupInstance (0ms)
			ReleaseScriptingObjects (0ms)
			CreateAndSetChildDomain (20ms)
		EndReloadAssembly (779ms)
			LoadAssemblies (85ms)
			RebuildTransferFunctionScriptingTraits (0ms)
			SetupTypeCache (235ms)
			ReleaseScriptCaches (1ms)
			RebuildScriptCaches (52ms)
			SetupLoadedEditorAssemblies (377ms)
				LogAssemblyErrors (0ms)
				InitializePlatformSupportModulesInManaged (5ms)
				SetLoadedEditorAssemblies (0ms)
				RefreshPlugins (1ms)
				BeforeProcessingInitializeOnLoad (94ms)
				ProcessInitializeOnLoadAttributes (241ms)
				ProcessInitializeOnLoadMethodAttributes (28ms)
				AfterProcessingInitializeOnLoad (7ms)
				EditorAssembliesLoaded (0ms)
			ExecutionOrderSort2 (0ms)
			AwakeInstancesAfterBackupRestoration (5ms)
Platform modules already initialized, skipping
========================================================================
Worker process is ready to serve import requests
Launched and connected shader compiler UnityShaderCompiler.exe after 0.04 seconds
Refreshing native plugins compatible for Editor in 0.56 ms, found 3 plugins.
Preloading 0 native plugins for Editor in 0.00 ms.
Unloading 3400 Unused Serialized files (Serialized files now loaded: 0)
Unloading 27 unused Assets / (111.2 KB). Loaded Objects now: 3857.
Memory consumption went from 118.8 MB to 118.6 MB.
Total: 3.163500 ms (FindLiveObjects: 0.372400 ms CreateObjectMapping: 0.171400 ms MarkObjects: 2.507900 ms  DeleteObjects: 0.110500 ms)

AssetImportParameters requested are different than current active one (requested -> active):
  custom:video-decoder-ogg-theora: a1e56fd34408186e4bbccfd4996cb3dc -> 
  custom:container-muxer-webm: aa71ff27fc2769a1b78a27578f13a17b -> 
  custom:container-demuxer-webm: 4f35f7cbe854078d1ac9338744f61a02 -> 
  custom:video-encoder-webm-vp8: eb34c28f22e8b96e1ab97ce403110664 -> 
  custom:audio-encoder-webm-vorbis: bf7c407c2cedff20999df2af8eb42d56 -> 
  custom:framework-win-MediaFoundation: 216162199b28c13a410421893ffa2e32 -> 
  custom:container-demuxer-ogg: 62fdf1f143b41e24485cea50d1cbac27 -> 
  custom:video-decoder-webm-vp8: 9c59270c3fd7afecdb556c50c9e8de78 -> 
  custom:audio-decoder-ogg-vorbis: bf7c407c2cedff20999df2af8eb42d56 -> 
========================================================================
Received Import Request.
  Time since last request: 400132.728372 seconds.
  path: Packages/com.ac.runtime-console/package.json
  artifactKey: Guid(8ac89f73da6e77b4ab46a091b734c939) Importer(815301076,1909f56bfc062723c751e8b465ee728b)
Start importing Packages/com.ac.runtime-console/package.json using Guid(8ac89f73da6e77b4ab46a091b734c939) Importer(815301076,1909f56bfc062723c751e8b465ee728b)  -> (artifact id: 'd9cb28b604d1b0bd7b15b08331155275') in 0.041078 seconds 
========================================================================
Received Import Request.
  Time since last request: 31.972885 seconds.
  path: Packages/com.ac.runtime-console/package.json
  artifactKey: Guid(8ac89f73da6e77b4ab46a091b734c939) Importer(815301076,1909f56bfc062723c751e8b465ee728b)
Start importing Packages/com.ac.runtime-console/package.json using Guid(8ac89f73da6e77b4ab46a091b734c939) Importer(815301076,1909f56bfc062723c751e8b465ee728b)  -> (artifact id: 'd09f8123e05657012b06880767181a52') in 0.002831 seconds 
========================================================================
Received Import Request.
  Time since last request: 59.000460 seconds.
  path: Packages/com.ac.runtime-console
  artifactKey: Guid(d78a54e7a342b8a0c87728bd50e68b85) Importer(815301076,1909f56bfc062723c751e8b465ee728b)
Start importing Packages/com.ac.runtime-console using Guid(d78a54e7a342b8a0c87728bd50e68b85) Importer(815301076,1909f56bfc062723c751e8b465ee728b)  -> (artifact id: 'a82878887be37da348141d699820d24c') in 0.006597 seconds 
========================================================================
Received Import Request.
  Time since last request: 2616.729787 seconds.
  path: Packages/com.ac.runtime-console/package.json
  artifactKey: Guid(8ac89f73da6e77b4ab46a091b734c939) Importer(815301076,1909f56bfc062723c751e8b465ee728b)
Start importing Packages/com.ac.runtime-console/package.json using Guid(8ac89f73da6e77b4ab46a091b734c939) Importer(815301076,1909f56bfc062723c751e8b465ee728b)  -> (artifact id: '169f037b5966f75a2e7dc38677613c58') in 0.012472 seconds 
========================================================================
Received Import Request.
  Time since last request: 11.868275 seconds.
  path: Packages/com.ac.runtime-console/Documentation
  artifactKey: Guid(3d4c8ee02cedf1047b0eeebeeeaa50b5) Importer(815301076,1909f56bfc062723c751e8b465ee728b)
Start importing Packages/com.ac.runtime-console/Documentation using Guid(3d4c8ee02cedf1047b0eeebeeeaa50b5) Importer(815301076,1909f56bfc062723c751e8b465ee728b)  -> (artifact id: '759feb84dca6650517c430a1b9db6546') in 0.007244 seconds 
========================================================================
Received Import Request.
  Time since last request: 707.291625 seconds.
  path: Packages/com.ac.runtime-console/Documentation/ChangeLog.md
  artifactKey: Guid(6990d4a09643e86498b935254a50c37e) Importer(815301076,1909f56bfc062723c751e8b465ee728b)
Start importing Packages/com.ac.runtime-console/Documentation/ChangeLog.md using Guid(6990d4a09643e86498b935254a50c37e) Importer(815301076,1909f56bfc062723c751e8b465ee728b)  -> (artifact id: '653e741cb46bd8808872bff7d130a971') in 0.012332 seconds 
========================================================================
Received Import Request.
  Time since last request: 49.921580 seconds.
  path: Packages/com.ac.runtime-console/Documentation/ChangeLog.md
  artifactKey: Guid(6990d4a09643e86498b935254a50c37e) Importer(815301076,1909f56bfc062723c751e8b465ee728b)
Start importing Packages/com.ac.runtime-console/Documentation/ChangeLog.md using Guid(6990d4a09643e86498b935254a50c37e) Importer(815301076,1909f56bfc062723c751e8b465ee728b)  -> (artifact id: '6e22a9aa163af81eb30cccd34b2fd586') in 0.003371 seconds 
========================================================================
Received Import Request.
  Time since last request: 5171.913052 seconds.
  path: Packages/com.ac.runtime-console/Documentation/README.md
  artifactKey: Guid(1c1f0fd6c4b5247429a94404c104d647) Importer(815301076,1909f56bfc062723c751e8b465ee728b)
Start importing Packages/com.ac.runtime-console/Documentation/README.md using Guid(1c1f0fd6c4b5247429a94404c104d647) Importer(815301076,1909f56bfc062723c751e8b465ee728b)  -> (artifact id: 'e67cbf600b661b96b95eb35f92010d63') in 0.008301 seconds 
========================================================================
Received Import Request.
  Time since last request: 446.289987 seconds.
  path: Packages/com.ac.runtime-console/Documentation/README.md
  artifactKey: Guid(1c1f0fd6c4b5247429a94404c104d647) Importer(815301076,1909f56bfc062723c751e8b465ee728b)
Start importing Packages/com.ac.runtime-console/Documentation/README.md using Guid(1c1f0fd6c4b5247429a94404c104d647) Importer(815301076,1909f56bfc062723c751e8b465ee728b)  -> (artifact id: '27d3b7256ae68fc9db5341f5512a9b5d') in 0.007055 seconds 
========================================================================
Received Import Request.
  Time since last request: 2476.567025 seconds.
  path: Packages/com.ac.runtime-console/Documentation/ChangeLog.md
  artifactKey: Guid(6990d4a09643e86498b935254a50c37e) Importer(815301076,1909f56bfc062723c751e8b465ee728b)
Start importing Packages/com.ac.runtime-console/Documentation/ChangeLog.md using Guid(6990d4a09643e86498b935254a50c37e) Importer(815301076,1909f56bfc062723c751e8b465ee728b)  -> (artifact id: '204af78f4960c8215bc49dbb80d9a138') in 0.003090 seconds 
========================================================================
Received Import Request.
  Time since last request: 15.030815 seconds.
  path: Packages/com.ac.runtime-console/Documentation/README.md
  artifactKey: Guid(1c1f0fd6c4b5247429a94404c104d647) Importer(815301076,1909f56bfc062723c751e8b465ee728b)
Start importing Packages/com.ac.runtime-console/Documentation/README.md using Guid(1c1f0fd6c4b5247429a94404c104d647) Importer(815301076,1909f56bfc062723c751e8b465ee728b)  -> (artifact id: '8d229b6703ecb4bed5120130f5b739d6') in 0.003253 seconds 
========================================================================
Received Import Request.
  Time since last request: 47.711220 seconds.
  path: Packages/com.ac.runtime-console/Documentation/README.md
  artifactKey: Guid(1c1f0fd6c4b5247429a94404c104d647) Importer(815301076,1909f56bfc062723c751e8b465ee728b)
Start importing Packages/com.ac.runtime-console/Documentation/README.md using Guid(1c1f0fd6c4b5247429a94404c104d647) Importer(815301076,1909f56bfc062723c751e8b465ee728b)  -> (artifact id: '6136398339e8d5cb45309f5189f2327e') in 0.003219 seconds 
